{"/home/aleksey/frontend-project-lvl2/src/index.js": {"path":"/home/aleksey/frontend-project-lvl2/src/index.js","all":false,"statementMap":{"0":{"start":{"line":1,"column":0},"end":{"line":1,"column":23}},"1":{"start":{"line":2,"column":0},"end":{"line":2,"column":20}},"2":{"start":{"line":3,"column":0},"end":{"line":3,"column":24}},"3":{"start":{"line":4,"column":0},"end":{"line":4,"column":0}},"4":{"start":{"line":5,"column":0},"end":{"line":5,"column":68}},"5":{"start":{"line":6,"column":0},"end":{"line":6,"column":66}},"6":{"start":{"line":7,"column":0},"end":{"line":7,"column":43}},"7":{"start":{"line":8,"column":0},"end":{"line":8,"column":48}},"8":{"start":{"line":9,"column":0},"end":{"line":9,"column":48}},"9":{"start":{"line":10,"column":0},"end":{"line":10,"column":35}},"10":{"start":{"line":11,"column":0},"end":{"line":11,"column":35}},"11":{"start":{"line":12,"column":0},"end":{"line":12,"column":44}},"12":{"start":{"line":13,"column":0},"end":{"line":13,"column":36}},"13":{"start":{"line":14,"column":0},"end":{"line":14,"column":37}},"14":{"start":{"line":15,"column":0},"end":{"line":15,"column":41}},"15":{"start":{"line":16,"column":0},"end":{"line":16,"column":5}},"16":{"start":{"line":17,"column":0},"end":{"line":17,"column":37}},"17":{"start":{"line":18,"column":0},"end":{"line":18,"column":41}},"18":{"start":{"line":19,"column":0},"end":{"line":19,"column":5}},"19":{"start":{"line":20,"column":0},"end":{"line":20,"column":36}},"20":{"start":{"line":21,"column":0},"end":{"line":21,"column":41}},"21":{"start":{"line":22,"column":0},"end":{"line":22,"column":68}},"22":{"start":{"line":23,"column":0},"end":{"line":23,"column":5}},"23":{"start":{"line":24,"column":0},"end":{"line":24,"column":42}},"24":{"start":{"line":25,"column":0},"end":{"line":25,"column":2}},"25":{"start":{"line":26,"column":0},"end":{"line":26,"column":0}},"26":{"start":{"line":27,"column":0},"end":{"line":27,"column":23}}},"s":{"0":1,"1":1,"2":1,"3":1,"4":1,"5":1,"6":1,"7":1,"8":1,"9":1,"10":1,"11":1,"12":1,"13":5,"14":1,"15":1,"16":5,"17":2,"18":2,"19":5,"20":1,"21":1,"22":1,"23":1,"24":1,"25":1,"26":1},"branchMap":{"0":{"type":"branch","line":5,"loc":{"start":{"line":5,"column":17},"end":{"line":5,"column":34}},"locations":[{"start":{"line":5,"column":17},"end":{"line":5,"column":34}}]},"1":{"type":"branch","line":6,"loc":{"start":{"line":6,"column":18},"end":{"line":6,"column":33}},"locations":[{"start":{"line":6,"column":18},"end":{"line":6,"column":33}}]},"2":{"type":"branch","line":7,"loc":{"start":{"line":7,"column":16},"end":{"line":25,"column":2}},"locations":[{"start":{"line":7,"column":16},"end":{"line":25,"column":2}}]},"3":{"type":"branch","line":13,"loc":{"start":{"line":13,"column":27},"end":{"line":23,"column":5}},"locations":[{"start":{"line":13,"column":27},"end":{"line":23,"column":5}}]},"4":{"type":"branch","line":14,"loc":{"start":{"line":14,"column":36},"end":{"line":16,"column":5}},"locations":[{"start":{"line":14,"column":36},"end":{"line":16,"column":5}}]},"5":{"type":"branch","line":17,"loc":{"start":{"line":17,"column":-1},"end":{"line":17,"column":8}},"locations":[{"start":{"line":17,"column":-1},"end":{"line":17,"column":8}}]},"6":{"type":"branch","line":17,"loc":{"start":{"line":17,"column":36},"end":{"line":20,"column":8}},"locations":[{"start":{"line":17,"column":36},"end":{"line":20,"column":8}}]},"7":{"type":"branch","line":20,"loc":{"start":{"line":20,"column":35},"end":{"line":23,"column":5}},"locations":[{"start":{"line":20,"column":35},"end":{"line":23,"column":5}}]}},"b":{"0":[2],"1":[2],"2":[1],"3":[5],"4":[1],"5":[4],"6":[2],"7":[1]},"fnMap":{"0":{"name":"getPath","decl":{"start":{"line":5,"column":17},"end":{"line":5,"column":34}},"loc":{"start":{"line":5,"column":17},"end":{"line":5,"column":34}},"line":5},"1":{"name":"readFile","decl":{"start":{"line":6,"column":18},"end":{"line":6,"column":33}},"loc":{"start":{"line":6,"column":18},"end":{"line":6,"column":33}},"line":6},"2":{"name":"gendiff","decl":{"start":{"line":7,"column":16},"end":{"line":25,"column":2}},"loc":{"start":{"line":7,"column":16},"end":{"line":25,"column":2}},"line":7}},"f":{"0":2,"1":2,"2":1}}
}
